This file contains any messages produced by compilers while
running CMake, to aid debugging if configure makes a mistake.

It was created by hpp-python CMake configuration process 6.0.0, which was
generated by CMake 3.31.5.

## --------- ##
## Platform. ##
## --------- ##

hostname = pippudake
system = Linux-6.8.0-84-generic
processor = x86_64
generator = Unix Makefiles

PATH /home/psardin/devel/nix-hpp/install/bin
PATH /nix/store/0j8xcsyrpl0fi967lmnp445gimryqk7z-assimp-5.4.3/bin
PATH /nix/store/bak2czmaxxryj9dbx64nbay86ivdkb4g-ccache-4.11.2/bin
PATH /nix/store/0i70gg9infigyqw2pj86kp8fq9h2pqwd-cddlib-0.94m/bin
PATH /nix/store/32s0mplybqp7ws7ar5f8w6hqfnjlzcap-clp-1.17.10/bin
PATH /nix/store/ciiwq1ymzac9m5azhf4higkynmy3f8f7-cmake-3.31.5/bin
PATH /nix/store/h6m9yiksq519xd6s8b64243yglwyjd80-doxygen-1.13.2/bin
PATH /nix/store/aflhmmw7aw9xcbww4fswilmacxxd5535-glpk-5.0/bin
PATH /nix/store/199jxrl2dwd5afi6njmj7wvaz9ni79kz-graphviz-12.2.1/bin
PATH /nix/store/dgzl0xsghbwkhg3m209vim9ck7c6c4wp-qt-full-5.15.16/bin
PATH /nix/store/6654qkfn7ncs7hx0zqfm7glyj7i9k1gw-octomap-1.10.0/bin
PATH /nix/store/2ijmf0rg27gn78widiljfx9m7cfggjm0-pkg-config-wrapper-0.29.2/bin
PATH /nix/store/v3rlxxh45vbynjc9gfwlp3z93klap26g-python3-3.12.9-env/bin
PATH /nix/store/61ar4i1g41q5ijn317glp21n83kvzvxs-qhull-2020.2/bin
PATH /nix/store/rc9zhmw5vpl8rnih9n87paygnqh65nwj-urdfdom-4.0.0/bin
PATH /nix/store/hdp5zdiy94d0xampmmm5h1wlify5laig-psmisc-23.7/bin
PATH /nix/store/nk427kbyf9l6fpfdxb8hmrq2nlkl8nfl-patchelf-0.15.0/bin
PATH /nix/store/8v6k283dpbc0qkdq81nb6mrxrgcb10i1-gcc-wrapper-14-20241116/bin
PATH /nix/store/2agih0y5ns3sgbviw2xhivdgg59b41g9-gcc-14-20241116/bin
PATH /nix/store/nq61v7a601gjndijq5nndprkzpwz4q9g-glibc-2.40-66-bin/bin
PATH /nix/store/yh6qg1nsi5h2xblcr67030pz58fsaxx3-coreutils-9.6/bin
PATH /nix/store/r8gajll0yb0c08hd734lyj3jmqav3p9a-binutils-wrapper-2.43.1/bin
PATH /nix/store/s40y31bdn82sj6daaxid1bn3p7la03lv-binutils-2.43.1/bin
PATH /nix/store/yh6qg1nsi5h2xblcr67030pz58fsaxx3-coreutils-9.6/bin
PATH /nix/store/xq5f95pp297afc2xjgrmhmf9w631qp7m-findutils-4.10.0/bin
PATH /nix/store/wj1c3gsiajabnq50ifxqnlv60i5rhqj7-diffutils-3.10/bin
PATH /nix/store/xhql0ilzbiqwnmz4z8y0phk611wynxf2-gnused-4.9/bin
PATH /nix/store/40yifhx34v4g4llrdn3v2ag8w02j10fv-gnugrep-3.11/bin
PATH /nix/store/r66s4mjwqi7zkqqyry5yhhv0wm5rw96a-gawk-5.3.1/bin
PATH /nix/store/hfkclq54gppdb9fshnkwfdph1safyvli-gnutar-1.35/bin
PATH /nix/store/4q2sv4sqb7y8y4pp3n9bf2aabmgqmwmy-gzip-1.13/bin
PATH /nix/store/pcf18502sz0b25qya2lzm5f7wy0pd7a6-bzip2-1.0.8-bin/bin
PATH /nix/store/zzgldw3dwyhzn7sw9cyq7d7k57h0yx46-gnumake-4.4.1/bin
PATH /nix/store/58br4vk3q5akf4g8lx0pqzfhn47k3j8d-bash-5.2p37/bin
PATH /nix/store/lf3ln60nya8xmkymabap9i7gqj60k9py-patch-2.7.6/bin
PATH /nix/store/f246qzchy7zy00z1f42dqz9jiwcf5n7f-xz-5.6.4-bin/bin
PATH /nix/store/hyp4b779nh5y4m48zvvhd4y3z1gm8hd5-file-5.46/bin
PATH /run/system-manager/sw/bin/
PATH /home/psardin/.nix-profile/bin
PATH /nix/var/nix/profiles/default/bin
PATH /usr/local/sbin
PATH /usr/local/bin
PATH /usr/sbin
PATH /usr/bin
PATH /sbin
PATH /bin
PATH /usr/games
PATH /usr/local/games
PATH /snap/bin
PATH /snap/bin

PKG_CONFIG_PATH /nix/store/6wl404y9r4gvds9qzwdvs7500iscj48z-assimp-5.4.3-dev/lib/pkgconfig
PKG_CONFIG_PATH /nix/store/0i70gg9infigyqw2pj86kp8fq9h2pqwd-cddlib-0.94m/lib/pkgconfig
PKG_CONFIG_PATH /nix/store/32s0mplybqp7ws7ar5f8w6hqfnjlzcap-clp-1.17.10/lib/pkgconfig
PKG_CONFIG_PATH /nix/store/h1ryid6kgb2s8nbghn4wg750z5jl27nk-zlib-1.3.1-dev/lib/pkgconfig
PKG_CONFIG_PATH /nix/store/faay87wr9qy8if8p6y9wmp4jjrn1axgm-coinutils-2.11.10/lib/pkgconfig
PKG_CONFIG_PATH /nix/store/acsgr2b2mmjcph94hm9r8p9m8ic2xbrn-osi-0.108.11/lib/pkgconfig
PKG_CONFIG_PATH /nix/store/q6g3m5pgp6fwbgqf4dbbyd0j42a0xyby-console-bridge-1.0.2/lib/pkgconfig
PKG_CONFIG_PATH /nix/store/623qbh4hgqxzhnlvrv4r5jnlkrj54xnj-eigen-3.4.0-unstable-2022-05-19/share/pkgconfig
PKG_CONFIG_PATH /nix/store/199jxrl2dwd5afi6njmj7wvaz9ni79kz-graphviz-12.2.1/lib/pkgconfig
PKG_CONFIG_PATH /nix/store/s38jf0la3gdx1v2gr6317fjc2czlhf2q-libglvnd-1.7.0-dev/lib/pkgconfig
PKG_CONFIG_PATH /nix/store/dgzl0xsghbwkhg3m209vim9ck7c6c4wp-qt-full-5.15.16/lib/pkgconfig
PKG_CONFIG_PATH /nix/store/6654qkfn7ncs7hx0zqfm7glyj7i9k1gw-octomap-1.10.0/lib/pkgconfig
PKG_CONFIG_PATH /nix/store/m9zqw718flrg7d2j095ccykc8i140fyp-openscenegraph-3.6.5/lib/pkgconfig
PKG_CONFIG_PATH /nix/store/l1zy8pcyd594jg00iqvd5f1cxsasj8xq-osgQt-3.5.7/lib/pkgconfig
PKG_CONFIG_PATH /nix/store/v3rlxxh45vbynjc9gfwlp3z93klap26g-python3-3.12.9-env/lib/pkgconfig
PKG_CONFIG_PATH /nix/store/m0cqla82zsrmydcj59gf14jk4b6kq3j5-boost-1.87.0-dev/lib/pkgconfig
PKG_CONFIG_PATH /nix/store/61ar4i1g41q5ijn317glp21n83kvzvxs-qhull-2020.2/lib/pkgconfig
PKG_CONFIG_PATH /nix/store/xr8ylsrsglb9cy7c3l792bhvysrnd03a-tinyxml2-11.0.0/lib/pkgconfig
PKG_CONFIG_PATH /nix/store/rc9zhmw5vpl8rnih9n87paygnqh65nwj-urdfdom-4.0.0/lib/pkgconfig
PKG_CONFIG_PATH /nix/store/fih5ph3qm3gnmwn8lzd9h344y4wjx2yq-urdfdom-headers-1.1.1/lib/pkgconfig
PKG_CONFIG_PATH /home/psardin/devel/nix-hpp/install/lib/pkgconfig

## ---------------- ##
## CMake variables. ##
## ---------------- ##

CMAKE_ROOT = /nix/store/ciiwq1ymzac9m5azhf4higkynmy3f8f7-cmake-3.31.5/share/cmake-3.31
CMAKE_INCLUDE_PATH = 
CMAKE_LIBRARY_PATH = 
CMAKE_PREFIX_PATH = 
CMAKE_INSTALL_ALWAYS = 
CMAKE_SKIP_RPATH = NO
CMAKE_SUPPRESS_REGENERATION = 
BUILD_SHARED_LIBS = 

CMAKE_INSTALL_PREFIX = /home/psardin/devel/nix-hpp/install
PROJECT_SOURCE_DIR = /home/psardin/devel/nix-hpp/src/hpp-python
PROJECT_SOURCE_DIR = /home/psardin/devel/nix-hpp/src/hpp-python
PROJECT_BINARY_DIR = /home/psardin/devel/nix-hpp/src/hpp-python/build
CMAKE_BINARY_DIR = /home/psardin/devel/nix-hpp/src/hpp-python/build

CMAKE_AR = /nix/store/8v6k283dpbc0qkdq81nb6mrxrgcb10i1-gcc-wrapper-14-20241116/bin/ar
CMAKE_RANLIB = /nix/store/8v6k283dpbc0qkdq81nb6mrxrgcb10i1-gcc-wrapper-14-20241116/bin/ranlib
CMAKE_BUILD_TYPE = Debug
CMAKE_CONFIGURATION_TYPES = 
CMAKE_SHARED_LINKER_FLAGS = 

CMAKE_C_COMPILER = 
CMAKE_C_FLAGS = 
CMAKE_C_FLAGS_DEBUG = 
CMAKE_C_FLAGS_RELEASE = 
CMAKE_CXX_COMPILER = /nix/store/8v6k283dpbc0qkdq81nb6mrxrgcb10i1-gcc-wrapper-14-20241116/bin/g++
CMAKE_CXX_FLAGS = -pedantic -Wno-long-long -Wall -Wextra -Wcast-align -Wcast-qual -Wformat -Wwrite-strings -Wconversion 
CMAKE_CXX_FLAGS_DEBUG = -g
CMAKE_CXX_FLAGS_RELEASE = -O3 -DNDEBUG
CMAKE_CXX_FLAGS_RELWITHDEBINFO = -g -O3 -DNDEBUG

CMAKE_STATIC_LIBRARY_PREFIX = lib
CMAKE_STATIC_LIBRARY_SUFFIX = .a
CMAKE_SHARED_LIBRARY_PREFIX = lib
CMAKE_SHARED_LIBRARY_SUFFIX = .so
CMAKE_SHARED_MODULE_PREFIX = lib
CMAKE_SHARED_MODULE_SUFFIX = .so

## ------------------ ##
## Watched variables. ##
## ------------------ ##

WARNING_CXX_FLAGS = -pedantic -Wno-long-long -Wall -Wextra -Wcast-align -Wcast-qual -Wformat -Wwrite-strings -Wconversion
_PKG_CONFIG_FOUND = undefined
PKG_CONFIG_EXECUTABLE = /nix/store/2ijmf0rg27gn78widiljfx9m7cfggjm0-pkg-config-wrapper-0.29.2/bin/pkg-config
_PKG_CONFIG_PREFIX = ${pcfiledir}/../..
_PKG_CONFIG_EXEC_PREFIX = ${pcfiledir}/../..
_PKG_CONFIG_LIBDIR = ${pcfiledir}/../../lib
_PKG_CONFIG_BINDIR = ${pcfiledir}/../../bin
_PKG_CONFIG_PKGLIBDIR = ${pcfiledir}/../../lib/hpp-python
_PKG_CONFIG_INCLUDEDIR = ${pcfiledir}/../../include
_PKG_CONFIG_DATAROOTDIR = ${pcfiledir}/../../share
_PKG_CONFIG_PKGDATAROOTDIR = ${pcfiledir}/../../share
_PKG_CONFIG_DOCDIR = ${pcfiledir}/../../share/doc/hpp-python
_PKG_CONFIG_DOXYGENDOCDIR = ${pcfiledir}/../../share/doc/hpp-python/doxygen-html
_PKG_CONFIG_PROJECT_NAME = hpp-python
_PKG_CONFIG_DESCRIPTION = python bindings for HPP, based on boost python
_PKG_CONFIG_URL = https://github.com/humanoid-path-planner/hpp-python
_PKG_CONFIG_VERSION = 6.0.0
_PKG_CONFIG_REQUIRES = omniORB4;omniORB4 >= 4.1.4;omniDynamic4 >= 4.1.4
_PKG_CONFIG_REQUIRES_DEBUG = 
_PKG_CONFIG_REQUIRES_OPTIMIZED = 
_PKG_CONFIG_COMPILE_TIME_REQUIRES = 
_PKG_CONFIG_CONFLICTS = 
_PKG_CONFIG_LIBS = 
_PKG_CONFIG_LIBS_DEBUG = -L${libdir}
_PKG_CONFIG_LIBS_OPTIMIZED = -L${libdir}
_PKG_CONFIG_LIBS_PRIVATE = 
_PKG_CONFIG_CFLAGS = -I${includedir}
_PKG_CONFIG_CFLAGS_DEBUG = 
_PKG_CONFIG_CFLAGS_OPTIMIZED = 
_PKG_CONFIG_FILENAME = hpp-python.pc
PKG_CONFIG_EXTRA = 
DOXYGEN_SKIP_DOT = undefined
DOXYGEN_EXECUTABLE = /nix/store/h6m9yiksq519xd6s8b64243yglwyjd80-doxygen-1.13.2/bin/doxygen
DOXYGEN_FOUND = YES
DOXYGEN_DOT_EXECUTABLE = /nix/store/199jxrl2dwd5afi6njmj7wvaz9ni79kz-graphviz-12.2.1/bin/dot
DOXYGEN_DOT_FOUND = YES
DOXYGEN_DOT_PATH = /nix/store/199jxrl2dwd5afi6njmj7wvaz9ni79kz-graphviz-12.2.1/bin
DOXYGEN_DOT_IMAGE_FORMAT = undefined
DOXYGEN_USE_MATHJAX = undefined
DOXYGEN_USE_TEMPLATE_CSS = undefined
PYTHONINTERP_FOUND = undefined
PYTHONLIBS_FOUND = TRUE
PYTHON_LIBRARY_DIRS = /nix/store/v3rlxxh45vbynjc9gfwlp3z93klap26g-python3-3.12.9-env/lib
PYTHONLIBS_VERSION_STRING = 3.12.9
PYTHON_EXECUTABLE = /nix/store/v3rlxxh45vbynjc9gfwlp3z93klap26g-python3-3.12.9-env/bin/python
PYTHON_SOABI = .cpython-312-x86_64-linux-gnu
PYTHON_EXT_SUFFIX = .cpython-312-x86_64-linux-gnu.so
Boost_PYTHON312_FOUND = ON
Boost_PYTHON312_LIBRARY = /nix/store/s2ychb3mn79da1y6yyjk569sfi2w6lyn-boost-1.87.0/lib/libboost_python312.so
Boost_PYTHON312_LIBRARY_DEBUG = /nix/store/s2ychb3mn79da1y6yyjk569sfi2w6lyn-boost-1.87.0/lib/libboost_python312.so
Boost_PYTHON312_LIBRARY_RELEASE = /nix/store/s2ychb3mn79da1y6yyjk569sfi2w6lyn-boost-1.87.0/lib/libboost_python312.so
Boost_PYTHON_LIBRARY = /nix/store/s2ychb3mn79da1y6yyjk569sfi2w6lyn-boost-1.87.0/lib/libboost_python312.so
OMNIORB4_FOUND = 1
OMNIORB4_LIBRARIES = omniORB4;omnithread
OMNIORB4_LIBRARY_DIRS = /nix/store/dkx4rrfva0wp7ap2ykwbpi99x7g9qqb9-omniorb-4.3.2/lib
OMNIORB4_LDFLAGS = -L/nix/store/dkx4rrfva0wp7ap2ykwbpi99x7g9qqb9-omniorb-4.3.2/lib;-lomniORB4;-lomnithread
OMNIORB4_LDFLAGS_OTHER = 
OMNIORB4_INCLUDE_DIRS = /nix/store/dkx4rrfva0wp7ap2ykwbpi99x7g9qqb9-omniorb-4.3.2/include
OMNIORB4_CFLAGS = -D__OSVERSION__=2;-I/nix/store/dkx4rrfva0wp7ap2ykwbpi99x7g9qqb9-omniorb-4.3.2/include
OMNIORB4_CFLAGS_OTHER = -D__OSVERSION__=2
OMNIORB4 = undefined
OMNIORB4_STATIC = undefined
OMNIORB4_VERSION = 4.3.2
OMNIORB4_PREFIX = /nix/store/dkx4rrfva0wp7ap2ykwbpi99x7g9qqb9-omniorb-4.3.2
OMNIORB4_INCLUDEDIR = /nix/store/dkx4rrfva0wp7ap2ykwbpi99x7g9qqb9-omniorb-4.3.2/include
OMNIORB4_LIBDIR = /nix/store/dkx4rrfva0wp7ap2ykwbpi99x7g9qqb9-omniorb-4.3.2/lib
OMNIORB4_PKGLIBDIR = 
OMNIORB4_BINDIR = 
OMNIORB4_DATAROOTDIR = 
OMNIORB4_PKGDATAROOTDIR = 
OMNIORB4_DOCDIR = 
OMNIORB4_DOXYGENDOCDIR = 
OMNIDYNAMIC4_FOUND = 1
OMNIDYNAMIC4_LIBRARIES = omniDynamic4;omniORB4;omnithread
OMNIDYNAMIC4_LIBRARY_DIRS = /nix/store/dkx4rrfva0wp7ap2ykwbpi99x7g9qqb9-omniorb-4.3.2/lib
OMNIDYNAMIC4_LDFLAGS = -L/nix/store/dkx4rrfva0wp7ap2ykwbpi99x7g9qqb9-omniorb-4.3.2/lib;-lomniDynamic4;-lomniORB4;-lomnithread
OMNIDYNAMIC4_LDFLAGS_OTHER = 
OMNIDYNAMIC4_INCLUDE_DIRS = /nix/store/dkx4rrfva0wp7ap2ykwbpi99x7g9qqb9-omniorb-4.3.2/include
OMNIDYNAMIC4_CFLAGS = -D__OSVERSION__=2;-I/nix/store/dkx4rrfva0wp7ap2ykwbpi99x7g9qqb9-omniorb-4.3.2/include
OMNIDYNAMIC4_CFLAGS_OTHER = -D__OSVERSION__=2
OMNIDYNAMIC4 = undefined
OMNIDYNAMIC4_STATIC = undefined
OMNIDYNAMIC4_VERSION = 4.3.2
OMNIDYNAMIC4_PREFIX = /nix/store/dkx4rrfva0wp7ap2ykwbpi99x7g9qqb9-omniorb-4.3.2
OMNIDYNAMIC4_INCLUDEDIR = /nix/store/dkx4rrfva0wp7ap2ykwbpi99x7g9qqb9-omniorb-4.3.2/include
OMNIDYNAMIC4_LIBDIR = /nix/store/dkx4rrfva0wp7ap2ykwbpi99x7g9qqb9-omniorb-4.3.2/lib
OMNIDYNAMIC4_PKGLIBDIR = 
OMNIDYNAMIC4_BINDIR = 
OMNIDYNAMIC4_DATAROOTDIR = 
OMNIDYNAMIC4_PKGDATAROOTDIR = 
OMNIDYNAMIC4_DOCDIR = 
OMNIDYNAMIC4_DOXYGENDOCDIR = 
## ---------------- ##
## Watched targets. ##
## ---------------- ##

